2017-07-06 03:40:29 Error: Servicesentries/add/1,13
2017-07-06 03:49:26 Error: Fatal Error (1): Call to undefined method App\Controller\IssuesController::flash() in [C:\Users\Hp\Desktop\testnew\src\Controller\IssuesController.php, line 374]
Request URL: /Issues/setClose?content=13
Referer URL: http://localhost:8765/issues
Trace:
Cake\Error\BaseErrorHandler::handleFatalError() - CORE\src\Error\BaseErrorHandler.php, line 216
Cake\Error\BaseErrorHandler::Cake\Error\{closure}() - CORE\src\Error\BaseErrorHandler.php, line 98
[main] - [internal], line ??



2017-07-06 03:49:26 Error: [Cake\Error\FatalErrorException] Call to undefined method App\Controller\IssuesController::flash()
Request URL: /Issues/setClose?content=13
Referer URL: http://localhost:8765/issues
Stack Trace:
#0 C:\Users\Hp\Desktop\testnew\vendor\cakephp\cakephp\src\Error\BaseErrorHandler.php(98): Cake\Error\BaseErrorHandler->handleFatalError(1, 'Call to undefin...', 'C:\\Users\\Hp\\Des...', 374)
#1 [internal function]: Cake\Error\BaseErrorHandler->Cake\Error\{closure}()
#2 {main}


2017-07-06 03:53:34 Error: Fatal Error (1): Call to undefined method App\Controller\IssuesController::flash() in [C:\Users\Hp\Desktop\testnew\src\Controller\IssuesController.php, line 374]
Request URL: /Issues/setClose?content=1
Referer URL: http://localhost:8765/issues
Trace:
Cake\Error\BaseErrorHandler::handleFatalError() - CORE\src\Error\BaseErrorHandler.php, line 216
Cake\Error\BaseErrorHandler::Cake\Error\{closure}() - CORE\src\Error\BaseErrorHandler.php, line 98
[main] - [internal], line ??



2017-07-06 03:53:35 Error: [Cake\Error\FatalErrorException] Call to undefined method App\Controller\IssuesController::flash()
Request URL: /Issues/setClose?content=1
Referer URL: http://localhost:8765/issues
Stack Trace:
#0 C:\Users\Hp\Desktop\testnew\vendor\cakephp\cakephp\src\Error\BaseErrorHandler.php(98): Cake\Error\BaseErrorHandler->handleFatalError(1, 'Call to undefin...', 'C:\\Users\\Hp\\Des...', 374)
#1 [internal function]: Cake\Error\BaseErrorHandler->Cake\Error\{closure}()
#2 {main}


2017-07-06 04:19:03 Error: Servicesentries/add/1
2017-07-06 04:46:31 Error: Workorders/add/
2017-07-06 06:20:40 Error: Workorders/add/
2017-07-06 06:37:40 Error: Workorders/add/
2017-07-06 06:41:13 Error: Workorders/add/
2017-07-06 06:43:33 Error: Workorders/add/
2017-07-06 06:44:31 Error: Workorders/add/
2017-07-06 06:44:39 Error: Workorders/add/
2017-07-06 06:44:55 Error: Workorders/add/
2017-07-06 06:46:42 Error: Workorders/add/
2017-07-06 06:47:21 Error: Workorders/add/
2017-07-06 06:50:13 Error: Workorders/add/
2017-07-06 06:53:48 Error: Workorders/add/
2017-07-06 06:53:49 Error: Workorders/add/
2017-07-06 06:55:08 Error: Workorders/add/
2017-07-06 06:55:46 Error: Workorders/add/
2017-07-06 06:56:36 Error: Workorders/add/
2017-07-06 07:00:52 Error: Workorders/add/
2017-07-06 07:13:37 Error: Workorders/add/
2017-07-06 07:14:48 Error: Workorders/add/
2017-07-06 07:15:46 Error: Workorders/add/
2017-07-06 07:19:13 Error: Workorders/add/
2017-07-06 07:24:59 Error: Workorders/add/
2017-07-06 07:27:39 Error: Workorders/add/
2017-07-06 07:35:27 Error: Workorders/add/
2017-07-06 07:36:36 Error: Workorders/add/
2017-07-06 07:37:51 Error: Workorders/add/
2017-07-06 07:38:40 Error: Workorders/add/
2017-07-06 08:21:59 Error: Workorders/add/
2017-07-06 08:44:40 Error: Workorders/add/
2017-07-06 09:23:51 Error: Workorders/add/
2017-07-06 09:33:42 Error: Workorders/add/
2017-07-06 09:57:32 Error: Workorders/add/
2017-07-06 10:09:49 Error: Workorders/add/
2017-07-06 12:03:56 Error: Workorders/add/
2017-07-06 12:07:15 Error: Workorders/add/
2017-07-06 12:35:07 Error: Workorders/add/
2017-07-06 12:38:26 Error: Workorders/add/
2017-07-06 12:40:41 Error: Workorders/add/
2017-07-06 12:41:58 Error: Workorders/add/
2017-07-06 12:46:17 Error: Workorders/add/
2017-07-06 12:46:59 Error: Workorders/add/
2017-07-06 12:48:34 Error: Workorders/add/
2017-07-06 13:06:57 Error: Workorders/add/
2017-07-06 13:22:17 Error: Workorders/add/
2017-07-06 13:27:33 Error: Workorders/add/
2017-07-07 03:47:46 Error: Workorders/add/
2017-07-07 05:18:43 Error: Workorders/add/
2017-07-07 06:23:30 Error: Workorders/add/
2017-07-10 04:17:03 Error: Workorders/add/
2017-07-11 08:36:37 Error: Array
(
    [lineitemid] => 30
)

2017-07-11 08:38:54 Error: Array
(
    [lineitemid] => 30
)

2017-07-11 08:42:50 Error: Array
(
    [lineitemid] => 30
)

2017-07-11 08:43:40 Error: Array
(
    [lineitemid] => 30
)

2017-07-11 08:45:19 Error: Array
(
    [lineitemid] => 30
)

2017-07-11 08:48:28 Error: Array
(
    [lineitemid] => 30
)

2017-07-11 09:15:22 Error: Fatal Error (1): Class 'App\Model\Table\ConnectionManager' not found in [C:\Users\Hp\Desktop\testnew\src\Model\Table\WorkorderpartslineitemsTable.php, line 95]
Request URL: /Workorders/deleteLineItems
Referer URL: http://localhost:8765/Workorders/edit/360
Trace:
Cake\Error\BaseErrorHandler::handleFatalError() - CORE\src\Error\BaseErrorHandler.php, line 216
Cake\Error\BaseErrorHandler::Cake\Error\{closure}() - CORE\src\Error\BaseErrorHandler.php, line 98
[main] - [internal], line ??



2017-07-11 09:15:22 Error: [Cake\Error\FatalErrorException] Class 'App\Model\Table\ConnectionManager' not found
Request URL: /Workorders/deleteLineItems
Referer URL: http://localhost:8765/Workorders/edit/360
Stack Trace:
#0 C:\Users\Hp\Desktop\testnew\vendor\cakephp\cakephp\src\Error\BaseErrorHandler.php(98): Cake\Error\BaseErrorHandler->handleFatalError(1, 'Class 'App\\Mode...', 'C:\\Users\\Hp\\Des...', 95)
#1 [internal function]: Cake\Error\BaseErrorHandler->Cake\Error\{closure}()
#2 {main}


2017-07-11 09:15:46 Error: Fatal Error (1): Class 'App\Model\Table\ConnectionManager' not found in [C:\Users\Hp\Desktop\testnew\src\Model\Table\WorkorderpartslineitemsTable.php, line 95]
Request URL: /Workorders/deleteLineItems
Trace:
Cake\Error\BaseErrorHandler::handleFatalError() - CORE\src\Error\BaseErrorHandler.php, line 216
Cake\Error\BaseErrorHandler::Cake\Error\{closure}() - CORE\src\Error\BaseErrorHandler.php, line 98
[main] - [internal], line ??



2017-07-11 09:15:46 Error: [Cake\Error\FatalErrorException] Class 'App\Model\Table\ConnectionManager' not found
Request URL: /Workorders/deleteLineItems
Stack Trace:
#0 C:\Users\Hp\Desktop\testnew\vendor\cakephp\cakephp\src\Error\BaseErrorHandler.php(98): Cake\Error\BaseErrorHandler->handleFatalError(1, 'Class 'App\\Mode...', 'C:\\Users\\Hp\\Des...', 95)
#1 [internal function]: Cake\Error\BaseErrorHandler->Cake\Error\{closure}()
#2 {main}


2017-07-11 10:08:26 Error: Workorders/add/
2017-07-14 06:55:12 Warning: Headers already sent in C:\Users\Hp\Desktop\testnew\vendor\cakephp\cakephp\src\Error\Debugger.php:753
2017-07-14 06:55:12 Error: [RuntimeException] Unable to emit response; headers already sent
Request URL: /Workorders/editLaborParts?content=
Referer URL: http://localhost:8765/Workorders/edit/361
Stack Trace:
#0 C:\Users\Hp\Desktop\testnew\vendor\cakephp\cakephp\src\Http\Server.php(107): Zend\Diactoros\Response\SapiStreamEmitter->emit(Object(Zend\Diactoros\Response))
#1 C:\Users\Hp\Desktop\testnew\webroot\index.php(37): Cake\Http\Server->emit(Object(Zend\Diactoros\Response))
#2 {main}


2017-07-14 06:57:01 Warning: Headers already sent in C:\Users\Hp\Desktop\testnew\vendor\cakephp\cakephp\src\Error\Debugger.php:753
2017-07-14 06:57:01 Error: [RuntimeException] Unable to emit response; headers already sent
Request URL: /Workorders/editLaborParts?content=
Referer URL: http://localhost:8765/Workorders/edit/361
Stack Trace:
#0 C:\Users\Hp\Desktop\testnew\vendor\cakephp\cakephp\src\Http\Server.php(107): Zend\Diactoros\Response\SapiStreamEmitter->emit(Object(Zend\Diactoros\Response))
#1 C:\Users\Hp\Desktop\testnew\webroot\index.php(37): Cake\Http\Server->emit(Object(Zend\Diactoros\Response))
#2 {main}


2017-07-14 07:07:46 Error: Workorders/add/
2017-07-14 07:09:00 Error: Workorders/add/
2017-07-14 09:06:59 Error: Workorders/add/
2017-07-14 09:09:01 Error: Workorders/add/
2017-07-19 05:06:22 Warning: Headers already sent in C:\Users\Hp\Desktop\testnew\vendor\cakephp\cakephp\src\Error\Debugger.php:753
2017-07-19 05:06:22 Error: [RuntimeException] Unable to emit response; headers already sent
Request URL: /Workorders/addLaborParts?content=
Referer URL: http://localhost:8765/Workorders/edit/361
Stack Trace:
#0 C:\Users\Hp\Desktop\testnew\vendor\cakephp\cakephp\src\Http\Server.php(107): Zend\Diactoros\Response\SapiStreamEmitter->emit(Object(Zend\Diactoros\Response))
#1 C:\Users\Hp\Desktop\testnew\webroot\index.php(37): Cake\Http\Server->emit(Object(Zend\Diactoros\Response))
#2 {main}


2017-07-19 05:26:51 Warning: Headers already sent in C:\Users\Hp\Desktop\testnew\vendor\cakephp\cakephp\src\Error\Debugger.php:753
2017-07-19 05:26:51 Error: [RuntimeException] Unable to emit response; headers already sent
Request URL: /Workorders/addLaborParts?content=
Referer URL: http://localhost:8765/Workorders/edit/361
Stack Trace:
#0 C:\Users\Hp\Desktop\testnew\vendor\cakephp\cakephp\src\Http\Server.php(107): Zend\Diactoros\Response\SapiStreamEmitter->emit(Object(Zend\Diactoros\Response))
#1 C:\Users\Hp\Desktop\testnew\webroot\index.php(37): Cake\Http\Server->emit(Object(Zend\Diactoros\Response))
#2 {main}


2017-07-19 05:27:19 Warning: Headers already sent in C:\Users\Hp\Desktop\testnew\vendor\cakephp\cakephp\src\Error\Debugger.php:753
2017-07-19 05:27:19 Error: [RuntimeException] Unable to emit response; headers already sent
Request URL: /Workorders/addLaborParts?content=
Referer URL: http://localhost:8765/Workorders/edit/361
Stack Trace:
#0 C:\Users\Hp\Desktop\testnew\vendor\cakephp\cakephp\src\Http\Server.php(107): Zend\Diactoros\Response\SapiStreamEmitter->emit(Object(Zend\Diactoros\Response))
#1 C:\Users\Hp\Desktop\testnew\webroot\index.php(37): Cake\Http\Server->emit(Object(Zend\Diactoros\Response))
#2 {main}


2017-07-19 05:27:40 Warning: Headers already sent in C:\Users\Hp\Desktop\testnew\vendor\cakephp\cakephp\src\Error\Debugger.php:753
2017-07-19 05:27:40 Error: [RuntimeException] Unable to emit response; headers already sent
Request URL: /Workorders/addLaborParts?content=
Referer URL: http://localhost:8765/Workorders/edit/361
Stack Trace:
#0 C:\Users\Hp\Desktop\testnew\vendor\cakephp\cakephp\src\Http\Server.php(107): Zend\Diactoros\Response\SapiStreamEmitter->emit(Object(Zend\Diactoros\Response))
#1 C:\Users\Hp\Desktop\testnew\webroot\index.php(37): Cake\Http\Server->emit(Object(Zend\Diactoros\Response))
#2 {main}


2017-07-19 05:28:49 Warning: Headers already sent in C:\Users\Hp\Desktop\testnew\vendor\cakephp\cakephp\src\Error\Debugger.php:753
2017-07-19 05:28:49 Error: [RuntimeException] Unable to emit response; headers already sent
Request URL: /Workorders/addLaborParts?content=
Referer URL: http://localhost:8765/Workorders/edit/361
Stack Trace:
#0 C:\Users\Hp\Desktop\testnew\vendor\cakephp\cakephp\src\Http\Server.php(107): Zend\Diactoros\Response\SapiStreamEmitter->emit(Object(Zend\Diactoros\Response))
#1 C:\Users\Hp\Desktop\testnew\webroot\index.php(37): Cake\Http\Server->emit(Object(Zend\Diactoros\Response))
#2 {main}


2017-07-19 06:17:30 Warning: Headers already sent in C:\Users\Hp\Desktop\testnew\vendor\cakephp\cakephp\src\Error\Debugger.php:753
2017-07-19 06:17:30 Error: [RuntimeException] Unable to emit response; headers already sent
Request URL: /Workorders/addLaborParts?content=
Referer URL: http://localhost:8765/Workorders/edit/361
Stack Trace:
#0 C:\Users\Hp\Desktop\testnew\vendor\cakephp\cakephp\src\Http\Server.php(107): Zend\Diactoros\Response\SapiStreamEmitter->emit(Object(Zend\Diactoros\Response))
#1 C:\Users\Hp\Desktop\testnew\webroot\index.php(37): Cake\Http\Server->emit(Object(Zend\Diactoros\Response))
#2 {main}


2017-07-19 06:36:52 Error: Workorders/add/
2017-07-19 06:38:13 Error: Workorders/add/
2017-07-19 06:58:20 Error: Workorders/add/
2017-07-19 07:17:47 Error: Workorders/add/
2017-07-19 07:33:32 Error: Workorders/add/
2017-07-19 08:37:35 Error: Workorders/add/
2017-07-19 10:06:35 Error: Workorders/add/
2017-07-19 11:18:56 Error: Workorders/add
2017-07-19 11:19:53 Error: Workorders/add/
2017-07-20 03:31:25 Error: Workorders/add/
2017-07-20 03:55:47 Error: Workorders/add/
2017-07-20 06:16:11 Warning: Headers already sent in C:\Users\Hp\Desktop\testnew\vendor\cakephp\cakephp\src\Error\Debugger.php:753
2017-07-20 06:16:11 Error: [RuntimeException] Unable to emit response; headers already sent
Request URL: /Workorders/editLaborParts?content=
Referer URL: http://localhost:8765/Workorders/edit/386
Stack Trace:
#0 C:\Users\Hp\Desktop\testnew\vendor\cakephp\cakephp\src\Http\Server.php(107): Zend\Diactoros\Response\SapiStreamEmitter->emit(Object(Zend\Diactoros\Response))
#1 C:\Users\Hp\Desktop\testnew\webroot\index.php(37): Cake\Http\Server->emit(Object(Zend\Diactoros\Response))
#2 {main}


2017-07-20 06:16:45 Error: Workorders/add/
2017-07-20 06:25:00 Error: Workorders/add/
2017-07-21 03:28:47 Warning: Headers already sent in C:\Users\Hp\Desktop\testnew\vendor\cakephp\cakephp\src\Error\Debugger.php:753
2017-07-21 03:28:47 Error: [RuntimeException] Unable to emit response; headers already sent
Request URL: /Workorders/editLaborParts?content=
Referer URL: http://localhost:8765/Workorders/edit/387
Stack Trace:
#0 C:\Users\Hp\Desktop\testnew\vendor\cakephp\cakephp\src\Http\Server.php(107): Zend\Diactoros\Response\SapiStreamEmitter->emit(Object(Zend\Diactoros\Response))
#1 C:\Users\Hp\Desktop\testnew\webroot\index.php(37): Cake\Http\Server->emit(Object(Zend\Diactoros\Response))
#2 {main}


2017-07-21 03:37:55 Warning: Headers already sent in C:\Users\Hp\Desktop\testnew\vendor\cakephp\cakephp\src\Error\Debugger.php:753
2017-07-21 03:37:55 Error: [RuntimeException] Unable to emit response; headers already sent
Request URL: /Workorders/editLaborParts?content=
Referer URL: http://localhost:8765/Workorders/edit/387
Stack Trace:
#0 C:\Users\Hp\Desktop\testnew\vendor\cakephp\cakephp\src\Http\Server.php(107): Zend\Diactoros\Response\SapiStreamEmitter->emit(Object(Zend\Diactoros\Response))
#1 C:\Users\Hp\Desktop\testnew\webroot\index.php(37): Cake\Http\Server->emit(Object(Zend\Diactoros\Response))
#2 {main}


2017-07-21 03:40:48 Warning: Headers already sent in C:\Users\Hp\Desktop\testnew\vendor\cakephp\cakephp\src\Error\Debugger.php:753
2017-07-21 03:40:48 Error: [RuntimeException] Unable to emit response; headers already sent
Request URL: /Workorders/editLaborParts?content=
Referer URL: http://localhost:8765/Workorders/edit/387
Stack Trace:
#0 C:\Users\Hp\Desktop\testnew\vendor\cakephp\cakephp\src\Http\Server.php(107): Zend\Diactoros\Response\SapiStreamEmitter->emit(Object(Zend\Diactoros\Response))
#1 C:\Users\Hp\Desktop\testnew\webroot\index.php(37): Cake\Http\Server->emit(Object(Zend\Diactoros\Response))
#2 {main}


2017-07-21 03:56:48 Warning: Headers already sent in C:\Users\Hp\Desktop\testnew\vendor\cakephp\cakephp\src\Error\Debugger.php:753
2017-07-21 03:56:48 Error: [RuntimeException] Unable to emit response; headers already sent
Request URL: /Workorders/editLaborParts?content=
Referer URL: http://localhost:8765/Workorders/edit/387
Stack Trace:
#0 C:\Users\Hp\Desktop\testnew\vendor\cakephp\cakephp\src\Http\Server.php(107): Zend\Diactoros\Response\SapiStreamEmitter->emit(Object(Zend\Diactoros\Response))
#1 C:\Users\Hp\Desktop\testnew\webroot\index.php(37): Cake\Http\Server->emit(Object(Zend\Diactoros\Response))
#2 {main}


2017-07-21 04:02:05 Warning: Headers already sent in C:\Users\Hp\Desktop\testnew\vendor\cakephp\cakephp\src\Error\Debugger.php:753
2017-07-21 04:02:05 Error: [RuntimeException] Unable to emit response; headers already sent
Request URL: /Workorders/editLaborParts?content=
Referer URL: http://localhost:8765/Workorders/edit/387
Stack Trace:
#0 C:\Users\Hp\Desktop\testnew\vendor\cakephp\cakephp\src\Http\Server.php(107): Zend\Diactoros\Response\SapiStreamEmitter->emit(Object(Zend\Diactoros\Response))
#1 C:\Users\Hp\Desktop\testnew\webroot\index.php(37): Cake\Http\Server->emit(Object(Zend\Diactoros\Response))
#2 {main}


2017-07-21 04:08:01 Warning: Headers already sent in C:\Users\Hp\Desktop\testnew\vendor\cakephp\cakephp\src\Error\Debugger.php:753
2017-07-21 04:08:01 Error: [RuntimeException] Unable to emit response; headers already sent
Request URL: /Workorders/editLaborParts?content=
Referer URL: http://localhost:8765/Workorders/edit/387
Stack Trace:
#0 C:\Users\Hp\Desktop\testnew\vendor\cakephp\cakephp\src\Http\Server.php(107): Zend\Diactoros\Response\SapiStreamEmitter->emit(Object(Zend\Diactoros\Response))
#1 C:\Users\Hp\Desktop\testnew\webroot\index.php(37): Cake\Http\Server->emit(Object(Zend\Diactoros\Response))
#2 {main}


2017-07-21 04:18:57 Warning: Headers already sent in C:\Users\Hp\Desktop\testnew\vendor\cakephp\cakephp\src\Error\Debugger.php:753
2017-07-21 04:18:57 Error: [RuntimeException] Unable to emit response; headers already sent
Request URL: /Workorders/editLaborParts?content=
Referer URL: http://localhost:8765/Workorders/edit/387
Stack Trace:
#0 C:\Users\Hp\Desktop\testnew\vendor\cakephp\cakephp\src\Http\Server.php(107): Zend\Diactoros\Response\SapiStreamEmitter->emit(Object(Zend\Diactoros\Response))
#1 C:\Users\Hp\Desktop\testnew\webroot\index.php(37): Cake\Http\Server->emit(Object(Zend\Diactoros\Response))
#2 {main}


2017-07-21 04:45:34 Warning: Headers already sent in C:\Users\Hp\Desktop\testnew\vendor\cakephp\cakephp\src\Error\Debugger.php:753
2017-07-21 04:45:34 Error: [RuntimeException] Unable to emit response; headers already sent
Request URL: /Workorders/editLaborParts?content=
Referer URL: http://localhost:8765/Workorders/edit/387
Stack Trace:
#0 C:\Users\Hp\Desktop\testnew\vendor\cakephp\cakephp\src\Http\Server.php(107): Zend\Diactoros\Response\SapiStreamEmitter->emit(Object(Zend\Diactoros\Response))
#1 C:\Users\Hp\Desktop\testnew\webroot\index.php(37): Cake\Http\Server->emit(Object(Zend\Diactoros\Response))
#2 {main}


2017-07-21 04:47:04 Error: Fatal Error (1): Call to a member function deleteLabourLineItems() on boolean in [C:\Users\Hp\Desktop\testnew\src\Controller\WorkordersController.php, line 837]
Request URL: /Workorders/deleteLabourLineItems
Referer URL: http://localhost:8765/Workorders/edit/387
Trace:
Cake\Error\BaseErrorHandler::handleFatalError() - CORE\src\Error\BaseErrorHandler.php, line 216
Cake\Error\BaseErrorHandler::Cake\Error\{closure}() - CORE\src\Error\BaseErrorHandler.php, line 98
[main] - [internal], line ??



2017-07-21 04:47:04 Error: [Cake\Error\FatalErrorException] Call to a member function deleteLabourLineItems() on boolean
Request URL: /Workorders/deleteLabourLineItems
Referer URL: http://localhost:8765/Workorders/edit/387
Stack Trace:
#0 C:\Users\Hp\Desktop\testnew\vendor\cakephp\cakephp\src\Error\BaseErrorHandler.php(98): Cake\Error\BaseErrorHandler->handleFatalError(1, 'Call to a membe...', 'C:\\Users\\Hp\\Des...', 837)
#1 [internal function]: Cake\Error\BaseErrorHandler->Cake\Error\{closure}()
#2 {main}


2017-07-21 04:50:53 Warning: Headers already sent in C:\Users\Hp\Desktop\testnew\vendor\cakephp\cakephp\src\Error\Debugger.php:753
2017-07-21 04:50:53 Error: [RuntimeException] Unable to emit response; headers already sent
Request URL: /Workorders/editLaborParts?content=
Referer URL: http://localhost:8765/Workorders/edit/387
Stack Trace:
#0 C:\Users\Hp\Desktop\testnew\vendor\cakephp\cakephp\src\Http\Server.php(107): Zend\Diactoros\Response\SapiStreamEmitter->emit(Object(Zend\Diactoros\Response))
#1 C:\Users\Hp\Desktop\testnew\webroot\index.php(37): Cake\Http\Server->emit(Object(Zend\Diactoros\Response))
#2 {main}


2017-07-21 04:53:56 Warning: Headers already sent in C:\Users\Hp\Desktop\testnew\vendor\cakephp\cakephp\src\Error\Debugger.php:753
2017-07-21 04:53:56 Error: [RuntimeException] Unable to emit response; headers already sent
Request URL: /Workorders/editLaborParts?content=
Referer URL: http://localhost:8765/Workorders/edit/387
Stack Trace:
#0 C:\Users\Hp\Desktop\testnew\vendor\cakephp\cakephp\src\Http\Server.php(107): Zend\Diactoros\Response\SapiStreamEmitter->emit(Object(Zend\Diactoros\Response))
#1 C:\Users\Hp\Desktop\testnew\webroot\index.php(37): Cake\Http\Server->emit(Object(Zend\Diactoros\Response))
#2 {main}


2017-07-21 05:09:37 Warning: Headers already sent in C:\Users\Hp\Desktop\testnew\vendor\cakephp\cakephp\src\Error\Debugger.php:753
2017-07-21 05:09:37 Error: [RuntimeException] Unable to emit response; headers already sent
Request URL: /Workorders/editLaborParts?content=
Referer URL: http://localhost:8765/Workorders/edit/387
Stack Trace:
#0 C:\Users\Hp\Desktop\testnew\vendor\cakephp\cakephp\src\Http\Server.php(107): Zend\Diactoros\Response\SapiStreamEmitter->emit(Object(Zend\Diactoros\Response))
#1 C:\Users\Hp\Desktop\testnew\webroot\index.php(37): Cake\Http\Server->emit(Object(Zend\Diactoros\Response))
#2 {main}


2017-07-21 05:17:02 Warning: Headers already sent in C:\Users\Hp\Desktop\testnew\vendor\cakephp\cakephp\src\Error\Debugger.php:753
2017-07-21 05:17:02 Error: [RuntimeException] Unable to emit response; headers already sent
Request URL: /Workorders/editLaborParts?content=
Referer URL: http://localhost:8765/Workorders/edit/387
Stack Trace:
#0 C:\Users\Hp\Desktop\testnew\vendor\cakephp\cakephp\src\Http\Server.php(107): Zend\Diactoros\Response\SapiStreamEmitter->emit(Object(Zend\Diactoros\Response))
#1 C:\Users\Hp\Desktop\testnew\webroot\index.php(37): Cake\Http\Server->emit(Object(Zend\Diactoros\Response))
#2 {main}


2017-07-21 05:24:33 Warning: Headers already sent in C:\Users\Hp\Desktop\testnew\vendor\cakephp\cakephp\src\Error\Debugger.php:753
2017-07-21 05:24:33 Error: [RuntimeException] Unable to emit response; headers already sent
Request URL: /Workorders/editLaborParts?content=
Referer URL: http://localhost:8765/Workorders/edit/387
Stack Trace:
#0 C:\Users\Hp\Desktop\testnew\vendor\cakephp\cakephp\src\Http\Server.php(107): Zend\Diactoros\Response\SapiStreamEmitter->emit(Object(Zend\Diactoros\Response))
#1 C:\Users\Hp\Desktop\testnew\webroot\index.php(37): Cake\Http\Server->emit(Object(Zend\Diactoros\Response))
#2 {main}


2017-07-21 06:13:02 Warning: Headers already sent in C:\Users\Hp\Desktop\testnew\vendor\cakephp\cakephp\src\Error\Debugger.php:753
2017-07-21 06:13:02 Error: [RuntimeException] Unable to emit response; headers already sent
Request URL: /Workorders/editLaborParts?content=
Referer URL: http://localhost:8765/Workorders/edit/387
Stack Trace:
#0 C:\Users\Hp\Desktop\testnew\vendor\cakephp\cakephp\src\Http\Server.php(107): Zend\Diactoros\Response\SapiStreamEmitter->emit(Object(Zend\Diactoros\Response))
#1 C:\Users\Hp\Desktop\testnew\webroot\index.php(37): Cake\Http\Server->emit(Object(Zend\Diactoros\Response))
#2 {main}


2017-07-21 06:16:00 Warning: Headers already sent in C:\Users\Hp\Desktop\testnew\vendor\cakephp\cakephp\src\Error\Debugger.php:753
2017-07-21 06:16:00 Error: [RuntimeException] Unable to emit response; headers already sent
Request URL: /Workorders/editLaborParts?content=
Referer URL: http://localhost:8765/Workorders/edit/387
Stack Trace:
#0 C:\Users\Hp\Desktop\testnew\vendor\cakephp\cakephp\src\Http\Server.php(107): Zend\Diactoros\Response\SapiStreamEmitter->emit(Object(Zend\Diactoros\Response))
#1 C:\Users\Hp\Desktop\testnew\webroot\index.php(37): Cake\Http\Server->emit(Object(Zend\Diactoros\Response))
#2 {main}


2017-07-21 06:26:00 Warning: Headers already sent in C:\Users\Hp\Desktop\testnew\vendor\cakephp\cakephp\src\Error\Debugger.php:753
2017-07-21 06:26:00 Error: [RuntimeException] Unable to emit response; headers already sent
Request URL: /Workorders/editLaborParts?content=
Referer URL: http://localhost:8765/Workorders/edit/387
Stack Trace:
#0 C:\Users\Hp\Desktop\testnew\vendor\cakephp\cakephp\src\Http\Server.php(107): Zend\Diactoros\Response\SapiStreamEmitter->emit(Object(Zend\Diactoros\Response))
#1 C:\Users\Hp\Desktop\testnew\webroot\index.php(37): Cake\Http\Server->emit(Object(Zend\Diactoros\Response))
#2 {main}


2017-07-21 06:27:34 Warning: Headers already sent in C:\Users\Hp\Desktop\testnew\vendor\cakephp\cakephp\src\Error\Debugger.php:753
2017-07-21 06:27:34 Error: [RuntimeException] Unable to emit response; headers already sent
Request URL: /Workorders/editLaborParts?content=
Referer URL: http://localhost:8765/Workorders/edit/387
Stack Trace:
#0 C:\Users\Hp\Desktop\testnew\vendor\cakephp\cakephp\src\Http\Server.php(107): Zend\Diactoros\Response\SapiStreamEmitter->emit(Object(Zend\Diactoros\Response))
#1 C:\Users\Hp\Desktop\testnew\webroot\index.php(37): Cake\Http\Server->emit(Object(Zend\Diactoros\Response))
#2 {main}


2017-07-21 06:42:15 Warning: Headers already sent in C:\Users\Hp\Desktop\testnew\vendor\cakephp\cakephp\src\Error\Debugger.php:753
2017-07-21 06:42:15 Error: [RuntimeException] Unable to emit response; headers already sent
Request URL: /Workorders/editLaborParts?content=
Referer URL: http://localhost:8765/Workorders/edit/387
Stack Trace:
#0 C:\Users\Hp\Desktop\testnew\vendor\cakephp\cakephp\src\Http\Server.php(107): Zend\Diactoros\Response\SapiStreamEmitter->emit(Object(Zend\Diactoros\Response))
#1 C:\Users\Hp\Desktop\testnew\webroot\index.php(37): Cake\Http\Server->emit(Object(Zend\Diactoros\Response))
#2 {main}


2017-07-21 07:00:01 Warning: Headers already sent in C:\Users\Hp\Desktop\testnew\vendor\cakephp\cakephp\src\Error\Debugger.php:753
2017-07-21 07:00:01 Error: [RuntimeException] Unable to emit response; headers already sent
Request URL: /Workorders/editLaborParts?content=
Referer URL: http://localhost:8765/Workorders/edit/387
Stack Trace:
#0 C:\Users\Hp\Desktop\testnew\vendor\cakephp\cakephp\src\Http\Server.php(107): Zend\Diactoros\Response\SapiStreamEmitter->emit(Object(Zend\Diactoros\Response))
#1 C:\Users\Hp\Desktop\testnew\webroot\index.php(37): Cake\Http\Server->emit(Object(Zend\Diactoros\Response))
#2 {main}


2017-07-21 07:06:00 Warning: Headers already sent in C:\Users\Hp\Desktop\testnew\vendor\cakephp\cakephp\src\Error\Debugger.php:753
2017-07-21 07:06:00 Error: [RuntimeException] Unable to emit response; headers already sent
Request URL: /Workorders/editLaborParts?content=
Referer URL: http://localhost:8765/Workorders/edit/387
Stack Trace:
#0 C:\Users\Hp\Desktop\testnew\vendor\cakephp\cakephp\src\Http\Server.php(107): Zend\Diactoros\Response\SapiStreamEmitter->emit(Object(Zend\Diactoros\Response))
#1 C:\Users\Hp\Desktop\testnew\webroot\index.php(37): Cake\Http\Server->emit(Object(Zend\Diactoros\Response))
#2 {main}


2017-07-21 07:07:50 Warning: Headers already sent in C:\Users\Hp\Desktop\testnew\vendor\cakephp\cakephp\src\Error\Debugger.php:753
2017-07-21 07:07:50 Error: [RuntimeException] Unable to emit response; headers already sent
Request URL: /Workorders/editLaborParts?content=
Referer URL: http://localhost:8765/Workorders/edit/387
Stack Trace:
#0 C:\Users\Hp\Desktop\testnew\vendor\cakephp\cakephp\src\Http\Server.php(107): Zend\Diactoros\Response\SapiStreamEmitter->emit(Object(Zend\Diactoros\Response))
#1 C:\Users\Hp\Desktop\testnew\webroot\index.php(37): Cake\Http\Server->emit(Object(Zend\Diactoros\Response))
#2 {main}


2017-07-21 09:06:17 Warning: Headers already sent in C:\Users\Hp\Desktop\testnew\vendor\cakephp\cakephp\src\Error\Debugger.php:753
2017-07-21 09:06:17 Error: [RuntimeException] Unable to emit response; headers already sent
Request URL: /Workorders/editLaborParts?content=
Referer URL: http://localhost:8765/Workorders/edit/387
Stack Trace:
#0 C:\Users\Hp\Desktop\testnew\vendor\cakephp\cakephp\src\Http\Server.php(107): Zend\Diactoros\Response\SapiStreamEmitter->emit(Object(Zend\Diactoros\Response))
#1 C:\Users\Hp\Desktop\testnew\webroot\index.php(37): Cake\Http\Server->emit(Object(Zend\Diactoros\Response))
#2 {main}


2017-07-21 09:29:30 Warning: Headers already sent in C:\Users\Hp\Desktop\testnew\vendor\cakephp\cakephp\src\Error\Debugger.php:753
2017-07-21 09:29:30 Error: [RuntimeException] Unable to emit response; headers already sent
Request URL: /Workorders/editLaborParts?content=
Referer URL: http://localhost:8765/Workorders/edit/387
Stack Trace:
#0 C:\Users\Hp\Desktop\testnew\vendor\cakephp\cakephp\src\Http\Server.php(107): Zend\Diactoros\Response\SapiStreamEmitter->emit(Object(Zend\Diactoros\Response))
#1 C:\Users\Hp\Desktop\testnew\webroot\index.php(37): Cake\Http\Server->emit(Object(Zend\Diactoros\Response))
#2 {main}


2017-07-24 04:49:48 Warning: Headers already sent in C:\Users\Hp\Desktop\testnew\vendor\cakephp\cakephp\src\Error\Debugger.php:753
2017-07-24 04:49:48 Error: [RuntimeException] Unable to emit response; headers already sent
Request URL: /Workorders/editLaborParts?content=
Referer URL: http://localhost:8765/Workorders/edit/387
Stack Trace:
#0 C:\Users\Hp\Desktop\testnew\vendor\cakephp\cakephp\src\Http\Server.php(107): Zend\Diactoros\Response\SapiStreamEmitter->emit(Object(Zend\Diactoros\Response))
#1 C:\Users\Hp\Desktop\testnew\webroot\index.php(37): Cake\Http\Server->emit(Object(Zend\Diactoros\Response))
#2 {main}


2017-07-24 04:54:27 Warning: Headers already sent in C:\Users\Hp\Desktop\testnew\vendor\cakephp\cakephp\src\Error\Debugger.php:753
2017-07-24 04:54:27 Error: [RuntimeException] Unable to emit response; headers already sent
Request URL: /Workorders/editLaborParts?content=
Referer URL: http://localhost:8765/Workorders/edit/387
Stack Trace:
#0 C:\Users\Hp\Desktop\testnew\vendor\cakephp\cakephp\src\Http\Server.php(107): Zend\Diactoros\Response\SapiStreamEmitter->emit(Object(Zend\Diactoros\Response))
#1 C:\Users\Hp\Desktop\testnew\webroot\index.php(37): Cake\Http\Server->emit(Object(Zend\Diactoros\Response))
#2 {main}


2017-07-24 06:59:33 Error: Fatal Error (4): syntax error, unexpected '$this' (T_VARIABLE) in [C:\Users\Hp\Desktop\testnew\src\Controller\WorkordersController.php, line 895]
Request URL: /Workorders
Trace:
Cake\Error\BaseErrorHandler::handleFatalError() - CORE\src\Error\BaseErrorHandler.php, line 216
Cake\Error\BaseErrorHandler::Cake\Error\{closure}() - CORE\src\Error\BaseErrorHandler.php, line 98
[main] - [internal], line ??



2017-07-24 06:59:33 Error: [Cake\Error\FatalErrorException] syntax error, unexpected '$this' (T_VARIABLE)
Request URL: /Workorders
Stack Trace:
#0 C:\Users\Hp\Desktop\testnew\vendor\cakephp\cakephp\src\Error\BaseErrorHandler.php(98): Cake\Error\BaseErrorHandler->handleFatalError(4, 'syntax error, u...', 'C:\\Users\\Hp\\Des...', 895)
#1 [internal function]: Cake\Error\BaseErrorHandler->Cake\Error\{closure}()
#2 {main}


2017-07-24 07:02:28 Warning: Headers already sent in C:\Users\Hp\Desktop\testnew\vendor\cakephp\cakephp\src\Error\Debugger.php:753
2017-07-24 07:02:28 Error: [RuntimeException] Unable to emit response; headers already sent
Request URL: /Workorders/editLaborParts?content=
Referer URL: http://localhost:8765/Workorders/edit/387
Stack Trace:
#0 C:\Users\Hp\Desktop\testnew\vendor\cakephp\cakephp\src\Http\Server.php(107): Zend\Diactoros\Response\SapiStreamEmitter->emit(Object(Zend\Diactoros\Response))
#1 C:\Users\Hp\Desktop\testnew\webroot\index.php(37): Cake\Http\Server->emit(Object(Zend\Diactoros\Response))
#2 {main}


2017-07-24 07:03:33 Warning: Warning (2): explode() expects parameter 2 to be string, array given in [C:\Users\Hp\Desktop\testnew\src\Controller\WorkordersController.php, line 878]
Request URL: /Workorders/updateWorkordersAfterItemsDeletion
Referer URL: http://localhost:8765/Workorders/edit/387
Trace:
Cake\Error\BaseErrorHandler::handleError() - CORE\src\Error\BaseErrorHandler.php, line 146
explode - [internal], line ??
App\Controller\WorkordersController::updateWorkordersAfterItemsDeletion() - APP/Controller\WorkordersController.php, line 878
Cake\Controller\Controller::invokeAction() - CORE\src\Controller\Controller.php, line 435
Cake\Http\ActionDispatcher::_invoke() - CORE\src\Http\ActionDispatcher.php, line 124
Cake\Http\ActionDispatcher::dispatch() - CORE\src\Http\ActionDispatcher.php, line 98
Cake\Http\BaseApplication::__invoke() - CORE\src\Http\BaseApplication.php, line 83
Cake\Http\Runner::__invoke() - CORE\src\Http\Runner.php, line 65
Cake\Routing\Middleware\RoutingMiddleware::__invoke() - CORE\src\Routing\Middleware\RoutingMiddleware.php, line 52
Cake\Http\Runner::__invoke() - CORE\src\Http\Runner.php, line 65
Cake\Routing\Middleware\AssetMiddleware::__invoke() - CORE\src\Routing\Middleware\AssetMiddleware.php, line 88
Cake\Http\Runner::__invoke() - CORE\src\Http\Runner.php, line 65
Cake\Error\Middleware\ErrorHandlerMiddleware::__invoke() - CORE\src\Error\Middleware\ErrorHandlerMiddleware.php, line 51
Cake\Http\Runner::__invoke() - CORE\src\Http\Runner.php, line 65
Cake\Http\Runner::run() - CORE\src\Http\Runner.php, line 51
Cake\Http\Server::run() - CORE\src\Http\Server.php, line 82
[main] - ROOT\webroot\index.php, line 37



2017-07-24 07:03:33 Warning: Headers already sent in C:\Users\Hp\Desktop\testnew\vendor\cakephp\cakephp\src\Error\Debugger.php:753
2017-07-24 07:03:33 Error: [RuntimeException] Unable to emit response; headers already sent
Request URL: /Workorders/updateWorkordersAfterItemsDeletion
Referer URL: http://localhost:8765/Workorders/edit/387
Stack Trace:
#0 C:\Users\Hp\Desktop\testnew\vendor\cakephp\cakephp\src\Http\Server.php(107): Zend\Diactoros\Response\SapiStreamEmitter->emit(Object(Zend\Diactoros\Response))
#1 C:\Users\Hp\Desktop\testnew\webroot\index.php(37): Cake\Http\Server->emit(Object(Zend\Diactoros\Response))
#2 {main}


2017-07-24 07:07:25 Warning: Warning (2): explode() expects parameter 2 to be string, array given in [C:\Users\Hp\Desktop\testnew\src\Controller\WorkordersController.php, line 878]
Request URL: /Workorders/updateWorkordersAfterItemsDeletion
Referer URL: http://localhost:8765/Workorders/edit/387
Trace:
Cake\Error\BaseErrorHandler::handleError() - CORE\src\Error\BaseErrorHandler.php, line 146
explode - [internal], line ??
App\Controller\WorkordersController::updateWorkordersAfterItemsDeletion() - APP/Controller\WorkordersController.php, line 878
Cake\Controller\Controller::invokeAction() - CORE\src\Controller\Controller.php, line 435
Cake\Http\ActionDispatcher::_invoke() - CORE\src\Http\ActionDispatcher.php, line 124
Cake\Http\ActionDispatcher::dispatch() - CORE\src\Http\ActionDispatcher.php, line 98
Cake\Http\BaseApplication::__invoke() - CORE\src\Http\BaseApplication.php, line 83
Cake\Http\Runner::__invoke() - CORE\src\Http\Runner.php, line 65
Cake\Routing\Middleware\RoutingMiddleware::__invoke() - CORE\src\Routing\Middleware\RoutingMiddleware.php, line 52
Cake\Http\Runner::__invoke() - CORE\src\Http\Runner.php, line 65
Cake\Routing\Middleware\AssetMiddleware::__invoke() - CORE\src\Routing\Middleware\AssetMiddleware.php, line 88
Cake\Http\Runner::__invoke() - CORE\src\Http\Runner.php, line 65
Cake\Error\Middleware\ErrorHandlerMiddleware::__invoke() - CORE\src\Error\Middleware\ErrorHandlerMiddleware.php, line 51
Cake\Http\Runner::__invoke() - CORE\src\Http\Runner.php, line 65
Cake\Http\Runner::run() - CORE\src\Http\Runner.php, line 51
Cake\Http\Server::run() - CORE\src\Http\Server.php, line 82
[main] - ROOT\webroot\index.php, line 37



2017-07-24 07:07:25 Warning: Headers already sent in C:\Users\Hp\Desktop\testnew\vendor\cakephp\cakephp\src\Error\Debugger.php:753
2017-07-24 07:07:25 Error: [RuntimeException] Unable to emit response; headers already sent
Request URL: /Workorders/updateWorkordersAfterItemsDeletion
Referer URL: http://localhost:8765/Workorders/edit/387
Stack Trace:
#0 C:\Users\Hp\Desktop\testnew\vendor\cakephp\cakephp\src\Http\Server.php(107): Zend\Diactoros\Response\SapiStreamEmitter->emit(Object(Zend\Diactoros\Response))
#1 C:\Users\Hp\Desktop\testnew\webroot\index.php(37): Cake\Http\Server->emit(Object(Zend\Diactoros\Response))
#2 {main}


2017-07-24 07:13:12 Warning: Warning (2): explode() expects parameter 2 to be string, array given in [C:\Users\Hp\Desktop\testnew\src\Controller\WorkordersController.php, line 878]
Request URL: /Workorders/updateWorkordersAfterItemsDeletion
Referer URL: http://localhost:8765/Workorders/edit/387
Trace:
Cake\Error\BaseErrorHandler::handleError() - CORE\src\Error\BaseErrorHandler.php, line 146
explode - [internal], line ??
App\Controller\WorkordersController::updateWorkordersAfterItemsDeletion() - APP/Controller\WorkordersController.php, line 878
Cake\Controller\Controller::invokeAction() - CORE\src\Controller\Controller.php, line 435
Cake\Http\ActionDispatcher::_invoke() - CORE\src\Http\ActionDispatcher.php, line 124
Cake\Http\ActionDispatcher::dispatch() - CORE\src\Http\ActionDispatcher.php, line 98
Cake\Http\BaseApplication::__invoke() - CORE\src\Http\BaseApplication.php, line 83
Cake\Http\Runner::__invoke() - CORE\src\Http\Runner.php, line 65
Cake\Routing\Middleware\RoutingMiddleware::__invoke() - CORE\src\Routing\Middleware\RoutingMiddleware.php, line 52
Cake\Http\Runner::__invoke() - CORE\src\Http\Runner.php, line 65
Cake\Routing\Middleware\AssetMiddleware::__invoke() - CORE\src\Routing\Middleware\AssetMiddleware.php, line 88
Cake\Http\Runner::__invoke() - CORE\src\Http\Runner.php, line 65
Cake\Error\Middleware\ErrorHandlerMiddleware::__invoke() - CORE\src\Error\Middleware\ErrorHandlerMiddleware.php, line 51
Cake\Http\Runner::__invoke() - CORE\src\Http\Runner.php, line 65
Cake\Http\Runner::run() - CORE\src\Http\Runner.php, line 51
Cake\Http\Server::run() - CORE\src\Http\Server.php, line 82
[main] - ROOT\webroot\index.php, line 37



2017-07-24 07:13:12 Warning: Headers already sent in C:\Users\Hp\Desktop\testnew\vendor\cakephp\cakephp\src\Error\Debugger.php:753
2017-07-24 07:13:12 Error: [RuntimeException] Unable to emit response; headers already sent
Request URL: /Workorders/updateWorkordersAfterItemsDeletion
Referer URL: http://localhost:8765/Workorders/edit/387
Stack Trace:
#0 C:\Users\Hp\Desktop\testnew\vendor\cakephp\cakephp\src\Http\Server.php(107): Zend\Diactoros\Response\SapiStreamEmitter->emit(Object(Zend\Diactoros\Response))
#1 C:\Users\Hp\Desktop\testnew\webroot\index.php(37): Cake\Http\Server->emit(Object(Zend\Diactoros\Response))
#2 {main}


2017-07-24 07:17:15 Warning: Warning (2): explode() expects parameter 2 to be string, array given in [C:\Users\Hp\Desktop\testnew\src\Controller\WorkordersController.php, line 878]
Request URL: /Workorders/updateWorkordersAfterItemsDeletion
Referer URL: http://localhost:8765/Workorders/edit/387
Trace:
Cake\Error\BaseErrorHandler::handleError() - CORE\src\Error\BaseErrorHandler.php, line 146
explode - [internal], line ??
App\Controller\WorkordersController::updateWorkordersAfterItemsDeletion() - APP/Controller\WorkordersController.php, line 878
Cake\Controller\Controller::invokeAction() - CORE\src\Controller\Controller.php, line 435
Cake\Http\ActionDispatcher::_invoke() - CORE\src\Http\ActionDispatcher.php, line 124
Cake\Http\ActionDispatcher::dispatch() - CORE\src\Http\ActionDispatcher.php, line 98
Cake\Http\BaseApplication::__invoke() - CORE\src\Http\BaseApplication.php, line 83
Cake\Http\Runner::__invoke() - CORE\src\Http\Runner.php, line 65
Cake\Routing\Middleware\RoutingMiddleware::__invoke() - CORE\src\Routing\Middleware\RoutingMiddleware.php, line 52
Cake\Http\Runner::__invoke() - CORE\src\Http\Runner.php, line 65
Cake\Routing\Middleware\AssetMiddleware::__invoke() - CORE\src\Routing\Middleware\AssetMiddleware.php, line 88
Cake\Http\Runner::__invoke() - CORE\src\Http\Runner.php, line 65
Cake\Error\Middleware\ErrorHandlerMiddleware::__invoke() - CORE\src\Error\Middleware\ErrorHandlerMiddleware.php, line 51
Cake\Http\Runner::__invoke() - CORE\src\Http\Runner.php, line 65
Cake\Http\Runner::run() - CORE\src\Http\Runner.php, line 51
Cake\Http\Server::run() - CORE\src\Http\Server.php, line 82
[main] - ROOT\webroot\index.php, line 37



2017-07-24 07:17:15 Warning: Headers already sent in C:\Users\Hp\Desktop\testnew\vendor\cakephp\cakephp\src\Error\Debugger.php:753
2017-07-24 07:17:15 Error: [RuntimeException] Unable to emit response; headers already sent
Request URL: /Workorders/updateWorkordersAfterItemsDeletion
Referer URL: http://localhost:8765/Workorders/edit/387
Stack Trace:
#0 C:\Users\Hp\Desktop\testnew\vendor\cakephp\cakephp\src\Http\Server.php(107): Zend\Diactoros\Response\SapiStreamEmitter->emit(Object(Zend\Diactoros\Response))
#1 C:\Users\Hp\Desktop\testnew\webroot\index.php(37): Cake\Http\Server->emit(Object(Zend\Diactoros\Response))
#2 {main}


2017-07-24 07:21:11 Warning: Warning (2): explode() expects parameter 2 to be string, array given in [C:\Users\Hp\Desktop\testnew\src\Controller\WorkordersController.php, line 878]
Request URL: /Workorders/updateWorkordersAfterItemsDeletion
Referer URL: http://localhost:8765/Workorders/edit/387
Trace:
Cake\Error\BaseErrorHandler::handleError() - CORE\src\Error\BaseErrorHandler.php, line 146
explode - [internal], line ??
App\Controller\WorkordersController::updateWorkordersAfterItemsDeletion() - APP/Controller\WorkordersController.php, line 878
Cake\Controller\Controller::invokeAction() - CORE\src\Controller\Controller.php, line 435
Cake\Http\ActionDispatcher::_invoke() - CORE\src\Http\ActionDispatcher.php, line 124
Cake\Http\ActionDispatcher::dispatch() - CORE\src\Http\ActionDispatcher.php, line 98
Cake\Http\BaseApplication::__invoke() - CORE\src\Http\BaseApplication.php, line 83
Cake\Http\Runner::__invoke() - CORE\src\Http\Runner.php, line 65
Cake\Routing\Middleware\RoutingMiddleware::__invoke() - CORE\src\Routing\Middleware\RoutingMiddleware.php, line 52
Cake\Http\Runner::__invoke() - CORE\src\Http\Runner.php, line 65
Cake\Routing\Middleware\AssetMiddleware::__invoke() - CORE\src\Routing\Middleware\AssetMiddleware.php, line 88
Cake\Http\Runner::__invoke() - CORE\src\Http\Runner.php, line 65
Cake\Error\Middleware\ErrorHandlerMiddleware::__invoke() - CORE\src\Error\Middleware\ErrorHandlerMiddleware.php, line 51
Cake\Http\Runner::__invoke() - CORE\src\Http\Runner.php, line 65
Cake\Http\Runner::run() - CORE\src\Http\Runner.php, line 51
Cake\Http\Server::run() - CORE\src\Http\Server.php, line 82
[main] - ROOT\webroot\index.php, line 37



2017-07-24 07:21:11 Warning: Headers already sent in C:\Users\Hp\Desktop\testnew\vendor\cakephp\cakephp\src\Error\Debugger.php:753
2017-07-24 07:21:11 Error: [RuntimeException] Unable to emit response; headers already sent
Request URL: /Workorders/updateWorkordersAfterItemsDeletion
Referer URL: http://localhost:8765/Workorders/edit/387
Stack Trace:
#0 C:\Users\Hp\Desktop\testnew\vendor\cakephp\cakephp\src\Http\Server.php(107): Zend\Diactoros\Response\SapiStreamEmitter->emit(Object(Zend\Diactoros\Response))
#1 C:\Users\Hp\Desktop\testnew\webroot\index.php(37): Cake\Http\Server->emit(Object(Zend\Diactoros\Response))
#2 {main}


2017-07-24 07:23:49 Warning: Headers already sent in C:\Users\Hp\Desktop\testnew\vendor\cakephp\cakephp\src\Error\Debugger.php:753
2017-07-24 07:23:49 Error: [RuntimeException] Unable to emit response; headers already sent
Request URL: /Workorders/updateWorkordersAfterItemsDeletion
Referer URL: http://localhost:8765/Workorders/edit/387
Stack Trace:
#0 C:\Users\Hp\Desktop\testnew\vendor\cakephp\cakephp\src\Http\Server.php(107): Zend\Diactoros\Response\SapiStreamEmitter->emit(Object(Zend\Diactoros\Response))
#1 C:\Users\Hp\Desktop\testnew\webroot\index.php(37): Cake\Http\Server->emit(Object(Zend\Diactoros\Response))
#2 {main}


2017-07-24 07:26:36 Warning: Headers already sent in C:\Users\Hp\Desktop\testnew\vendor\cakephp\cakephp\src\Error\Debugger.php:753
2017-07-24 07:26:36 Error: [RuntimeException] Unable to emit response; headers already sent
Request URL: /Workorders/updateWorkordersAfterItemsDeletion
Referer URL: http://localhost:8765/Workorders/edit/387
Stack Trace:
#0 C:\Users\Hp\Desktop\testnew\vendor\cakephp\cakephp\src\Http\Server.php(107): Zend\Diactoros\Response\SapiStreamEmitter->emit(Object(Zend\Diactoros\Response))
#1 C:\Users\Hp\Desktop\testnew\webroot\index.php(37): Cake\Http\Server->emit(Object(Zend\Diactoros\Response))
#2 {main}


2017-07-24 07:32:14 Warning: Warning (2): explode() expects parameter 2 to be string, array given in [C:\Users\Hp\Desktop\testnew\src\Controller\WorkordersController.php, line 878]
Request URL: /Workorders/updateWorkordersAfterItemsDeletion
Referer URL: http://localhost:8765/Workorders/edit/387
Trace:
Cake\Error\BaseErrorHandler::handleError() - CORE\src\Error\BaseErrorHandler.php, line 146
explode - [internal], line ??
App\Controller\WorkordersController::updateWorkordersAfterItemsDeletion() - APP/Controller\WorkordersController.php, line 878
Cake\Controller\Controller::invokeAction() - CORE\src\Controller\Controller.php, line 435
Cake\Http\ActionDispatcher::_invoke() - CORE\src\Http\ActionDispatcher.php, line 124
Cake\Http\ActionDispatcher::dispatch() - CORE\src\Http\ActionDispatcher.php, line 98
Cake\Http\BaseApplication::__invoke() - CORE\src\Http\BaseApplication.php, line 83
Cake\Http\Runner::__invoke() - CORE\src\Http\Runner.php, line 65
Cake\Routing\Middleware\RoutingMiddleware::__invoke() - CORE\src\Routing\Middleware\RoutingMiddleware.php, line 52
Cake\Http\Runner::__invoke() - CORE\src\Http\Runner.php, line 65
Cake\Routing\Middleware\AssetMiddleware::__invoke() - CORE\src\Routing\Middleware\AssetMiddleware.php, line 88
Cake\Http\Runner::__invoke() - CORE\src\Http\Runner.php, line 65
Cake\Error\Middleware\ErrorHandlerMiddleware::__invoke() - CORE\src\Error\Middleware\ErrorHandlerMiddleware.php, line 51
Cake\Http\Runner::__invoke() - CORE\src\Http\Runner.php, line 65
Cake\Http\Runner::run() - CORE\src\Http\Runner.php, line 51
Cake\Http\Server::run() - CORE\src\Http\Server.php, line 82
[main] - ROOT\webroot\index.php, line 37



2017-07-24 07:39:12 Warning: Warning (2): explode() expects parameter 2 to be string, array given in [C:\Users\Hp\Desktop\testnew\src\Controller\WorkordersController.php, line 878]
Request URL: /Workorders/updateWorkordersAfterItemsDeletion
Referer URL: http://localhost:8765/Workorders/edit/387
Trace:
Cake\Error\BaseErrorHandler::handleError() - CORE\src\Error\BaseErrorHandler.php, line 146
explode - [internal], line ??
App\Controller\WorkordersController::updateWorkordersAfterItemsDeletion() - APP/Controller\WorkordersController.php, line 878
Cake\Controller\Controller::invokeAction() - CORE\src\Controller\Controller.php, line 435
Cake\Http\ActionDispatcher::_invoke() - CORE\src\Http\ActionDispatcher.php, line 124
Cake\Http\ActionDispatcher::dispatch() - CORE\src\Http\ActionDispatcher.php, line 98
Cake\Http\BaseApplication::__invoke() - CORE\src\Http\BaseApplication.php, line 83
Cake\Http\Runner::__invoke() - CORE\src\Http\Runner.php, line 65
Cake\Routing\Middleware\RoutingMiddleware::__invoke() - CORE\src\Routing\Middleware\RoutingMiddleware.php, line 52
Cake\Http\Runner::__invoke() - CORE\src\Http\Runner.php, line 65
Cake\Routing\Middleware\AssetMiddleware::__invoke() - CORE\src\Routing\Middleware\AssetMiddleware.php, line 88
Cake\Http\Runner::__invoke() - CORE\src\Http\Runner.php, line 65
Cake\Error\Middleware\ErrorHandlerMiddleware::__invoke() - CORE\src\Error\Middleware\ErrorHandlerMiddleware.php, line 51
Cake\Http\Runner::__invoke() - CORE\src\Http\Runner.php, line 65
Cake\Http\Runner::run() - CORE\src\Http\Runner.php, line 51
Cake\Http\Server::run() - CORE\src\Http\Server.php, line 82
[main] - ROOT\webroot\index.php, line 37



2017-07-24 09:23:57 Warning: Headers already sent in C:\Users\Hp\Desktop\testnew\vendor\cakephp\cakephp\src\Error\Debugger.php:753
2017-07-24 09:23:58 Error: [RuntimeException] Unable to emit response; headers already sent
Request URL: /Workorders/editLaborParts?content=
Referer URL: http://localhost:8765/Workorders/edit/387
Stack Trace:
#0 C:\Users\Hp\Desktop\testnew\vendor\cakephp\cakephp\src\Http\Server.php(107): Zend\Diactoros\Response\SapiStreamEmitter->emit(Object(Zend\Diactoros\Response))
#1 C:\Users\Hp\Desktop\testnew\webroot\index.php(37): Cake\Http\Server->emit(Object(Zend\Diactoros\Response))
#2 {main}


2017-07-24 09:28:01 Warning: Headers already sent in C:\Users\Hp\Desktop\testnew\vendor\cakephp\cakephp\src\Error\Debugger.php:753
2017-07-24 09:28:01 Error: [RuntimeException] Unable to emit response; headers already sent
Request URL: /Workorders/editLaborParts?content=
Referer URL: http://localhost:8765/Workorders/edit/387
Stack Trace:
#0 C:\Users\Hp\Desktop\testnew\vendor\cakephp\cakephp\src\Http\Server.php(107): Zend\Diactoros\Response\SapiStreamEmitter->emit(Object(Zend\Diactoros\Response))
#1 C:\Users\Hp\Desktop\testnew\webroot\index.php(37): Cake\Http\Server->emit(Object(Zend\Diactoros\Response))
#2 {main}


2017-07-24 12:01:25 Error: Workorders/add/
2017-07-24 12:29:12 Error: Workorders/add/
2017-07-27 06:54:29 Error: Workorders/add/
2017-07-27 06:54:52 Warning: Headers already sent in C:\Users\Hp\Desktop\testnew\vendor\cakephp\cakephp\src\Error\Debugger.php:753
2017-07-27 06:54:52 Error: [RuntimeException] Unable to emit response; headers already sent
Request URL: /Workorders/addLaborParts?content=
Referer URL: http://localhost:8765/Workorders/add/
Stack Trace:
#0 C:\Users\Hp\Desktop\testnew\vendor\cakephp\cakephp\src\Http\Server.php(107): Zend\Diactoros\Response\SapiStreamEmitter->emit(Object(Zend\Diactoros\Response))
#1 C:\Users\Hp\Desktop\testnew\webroot\index.php(37): Cake\Http\Server->emit(Object(Zend\Diactoros\Response))
#2 {main}


2017-07-27 06:56:34 Warning: Headers already sent in C:\Users\Hp\Desktop\testnew\vendor\cakephp\cakephp\src\Error\Debugger.php:753
2017-07-27 06:56:34 Error: [RuntimeException] Unable to emit response; headers already sent
Request URL: /Workorders/addLaborParts?content=
Referer URL: http://localhost:8765/Workorders/add/
Stack Trace:
#0 C:\Users\Hp\Desktop\testnew\vendor\cakephp\cakephp\src\Http\Server.php(107): Zend\Diactoros\Response\SapiStreamEmitter->emit(Object(Zend\Diactoros\Response))
#1 C:\Users\Hp\Desktop\testnew\webroot\index.php(37): Cake\Http\Server->emit(Object(Zend\Diactoros\Response))
#2 {main}


2017-07-27 07:08:25 Error: Workorders/add/
2017-07-27 07:08:50 Error: Workorders/add/
2017-07-27 07:09:24 Error: Workorders/add/
2017-07-27 07:10:57 Warning: Headers already sent in C:\Users\Hp\Desktop\testnew\vendor\cakephp\cakephp\src\Error\Debugger.php:753
2017-07-27 07:10:57 Error: [RuntimeException] Unable to emit response; headers already sent
Request URL: /Workorders/editLaborParts?content=
Referer URL: http://localhost:8765/Workorders/edit/393
Stack Trace:
#0 C:\Users\Hp\Desktop\testnew\vendor\cakephp\cakephp\src\Http\Server.php(107): Zend\Diactoros\Response\SapiStreamEmitter->emit(Object(Zend\Diactoros\Response))
#1 C:\Users\Hp\Desktop\testnew\webroot\index.php(37): Cake\Http\Server->emit(Object(Zend\Diactoros\Response))
#2 {main}


2017-07-28 10:09:05 Error: Fatal Error (4): syntax error, unexpected '' (T_ENCAPSED_AND_WHITESPACE), expecting identifier (T_STRING) or variable (T_VARIABLE) or number (T_NUM_STRING) in [C:\Users\Hp\Desktop\testnew\src\Controller\WorkordersController.php, line 810]
Request URL: /workorders
Referer URL: http://localhost:8765/dashboard
Trace:
Cake\Error\BaseErrorHandler::handleFatalError() - CORE\src\Error\BaseErrorHandler.php, line 216
Cake\Error\BaseErrorHandler::Cake\Error\{closure}() - CORE\src\Error\BaseErrorHandler.php, line 98
[main] - [internal], line ??



2017-07-28 10:09:05 Error: [Cake\Error\FatalErrorException] syntax error, unexpected '' (T_ENCAPSED_AND_WHITESPACE), expecting identifier (T_STRING) or variable (T_VARIABLE) or number (T_NUM_STRING)
Request URL: /workorders
Referer URL: http://localhost:8765/dashboard
Stack Trace:
#0 C:\Users\Hp\Desktop\testnew\vendor\cakephp\cakephp\src\Error\BaseErrorHandler.php(98): Cake\Error\BaseErrorHandler->handleFatalError(4, 'syntax error, u...', 'C:\\Users\\Hp\\Des...', 810)
#1 [internal function]: Cake\Error\BaseErrorHandler->Cake\Error\{closure}()
#2 {main}


2017-07-28 10:09:36 Error: Fatal Error (4): syntax error, unexpected '"' in [C:\Users\Hp\Desktop\testnew\src\Controller\WorkordersController.php, line 810]
Request URL: /workorders
Referer URL: http://localhost:8765/dashboard
Trace:
Cake\Error\BaseErrorHandler::handleFatalError() - CORE\src\Error\BaseErrorHandler.php, line 216
Cake\Error\BaseErrorHandler::Cake\Error\{closure}() - CORE\src\Error\BaseErrorHandler.php, line 98
[main] - [internal], line ??



2017-07-28 10:09:36 Error: [Cake\Error\FatalErrorException] syntax error, unexpected '"'
Request URL: /workorders
Referer URL: http://localhost:8765/dashboard
Stack Trace:
#0 C:\Users\Hp\Desktop\testnew\vendor\cakephp\cakephp\src\Error\BaseErrorHandler.php(98): Cake\Error\BaseErrorHandler->handleFatalError(4, 'syntax error, u...', 'C:\\Users\\Hp\\Des...', 810)
#1 [internal function]: Cake\Error\BaseErrorHandler->Cake\Error\{closure}()
#2 {main}


2017-07-28 10:13:35 Error: Workorders/add/
2017-07-28 10:14:35 Warning: Headers already sent in C:\Users\Hp\Desktop\testnew\vendor\cakephp\cakephp\src\Error\Debugger.php:753
2017-07-28 10:14:35 Error: [RuntimeException] Unable to emit response; headers already sent
Request URL: /Workorders/editLaborParts?content=
Referer URL: http://localhost:8765/Workorders/edit/394
Stack Trace:
#0 C:\Users\Hp\Desktop\testnew\vendor\cakephp\cakephp\src\Http\Server.php(107): Zend\Diactoros\Response\SapiStreamEmitter->emit(Object(Zend\Diactoros\Response))
#1 C:\Users\Hp\Desktop\testnew\webroot\index.php(37): Cake\Http\Server->emit(Object(Zend\Diactoros\Response))
#2 {main}


2017-07-28 10:19:38 Error: Fatal Error (4): syntax error, unexpected ')' in [C:\Users\Hp\Desktop\testnew\src\Controller\WorkordersController.php, line 801]
Request URL: /Workorders
Trace:
Cake\Error\BaseErrorHandler::handleFatalError() - CORE\src\Error\BaseErrorHandler.php, line 216
Cake\Error\BaseErrorHandler::Cake\Error\{closure}() - CORE\src\Error\BaseErrorHandler.php, line 98
[main] - [internal], line ??



2017-07-28 10:19:38 Error: [Cake\Error\FatalErrorException] syntax error, unexpected ')'
Request URL: /Workorders
Stack Trace:
#0 C:\Users\Hp\Desktop\testnew\vendor\cakephp\cakephp\src\Error\BaseErrorHandler.php(98): Cake\Error\BaseErrorHandler->handleFatalError(4, 'syntax error, u...', 'C:\\Users\\Hp\\Des...', 801)
#1 [internal function]: Cake\Error\BaseErrorHandler->Cake\Error\{closure}()
#2 {main}


2017-07-28 10:20:03 Error: Workorders/add/
2017-07-28 10:23:19 Error: Workorders/add/
2017-08-01 05:13:09 Error: Workorders/add/
2017-08-01 05:21:55 Error: Workorders/add/
2017-08-01 06:27:57 Error: Workorders/add/
2017-08-01 06:38:40 Error: Workorders/add/
2017-08-01 06:49:23 Error: Workorders/add/
2017-08-01 06:54:18 Error: Workorders/add/
2017-08-01 07:08:09 Error: Workorders/add/
2017-08-01 07:18:31 Error: Workorders/add/
2017-08-01 07:21:58 Error: {
    "id": 405,
    "issuedate": "2017-08-13T00:00:00+00:00",
    "workorderstatus_id": 1,
    "vehicle_id": 118,
    "startdate": "2017-08-08T00:00:00+00:00",
    "lables": "",
    "odometer": null,
    "void": true,
    "vendor_id": null,
    "completiondate": null,
    "labour": 26,
    "parts": 114,
    "dicount": null,
    "tax": null,
    "issuedby_id": null,
    "assignedby_id": null,
    "assignto_id": null,
    "invoicenumber": "inv1",
    "description": "",
    "phonenumber": "",
    "customer_id": 1
}
2017-08-01 07:21:58 Error: {
    "id": 406,
    "issuedate": "2017-08-14T00:00:00+00:00",
    "workorderstatus_id": 1,
    "vehicle_id": 116,
    "startdate": "2017-08-08T00:00:00+00:00",
    "lables": "",
    "odometer": null,
    "void": true,
    "vendor_id": null,
    "completiondate": null,
    "labour": 260,
    "parts": 1140,
    "dicount": null,
    "tax": null,
    "issuedby_id": null,
    "assignedby_id": null,
    "assignto_id": null,
    "invoicenumber": "inv2",
    "description": "",
    "phonenumber": "",
    "customer_id": 1
}
2017-08-01 08:27:06 Error: Workorders/add/
2017-08-01 08:28:08 Error: Workorders/add/
2017-08-01 08:28:34 Error: Workorders/add/
2017-08-01 08:29:25 Error: Workorders/add/
2017-08-01 08:29:40 Error: Workorders/add/
2017-08-01 08:31:55 Error: Workorders/add/
2017-08-01 08:32:37 Error: Workorders/add/
2017-08-01 08:46:22 Error: Workorders/add/
2017-08-01 08:53:49 Error: Workorders/add/
2017-08-01 08:55:06 Error: Workorders/add/
2017-08-01 09:06:50 Error: Workorders/add/
2017-08-01 09:07:58 Error: Workorders/add/
2017-08-01 09:08:20 Error: Workorders/add/
2017-08-01 09:08:49 Error: Workorders/add/
2017-08-01 09:24:23 Error: Workorders/add/
2017-08-01 09:28:17 Error: Workorders/add/
2017-08-01 09:31:20 Error: Workorders/add/
2017-08-01 09:40:41 Error: Workorders/add/
2017-08-01 11:31:04 Error: Workorders/add/
2017-08-01 12:57:39 Error: Workorders/add/
2017-08-02 03:56:18 Warning: Headers already sent in C:\Users\Hp\Desktop\testnew\vendor\cakephp\cakephp\src\Error\Debugger.php:753
2017-08-02 03:56:18 Error: [RuntimeException] Unable to emit response; headers already sent
Request URL: /Workorders/editLaborParts?content=
Referer URL: http://localhost:8765/Workorders/edit/419
Stack Trace:
#0 C:\Users\Hp\Desktop\testnew\vendor\cakephp\cakephp\src\Http\Server.php(107): Zend\Diactoros\Response\SapiStreamEmitter->emit(Object(Zend\Diactoros\Response))
#1 C:\Users\Hp\Desktop\testnew\webroot\index.php(37): Cake\Http\Server->emit(Object(Zend\Diactoros\Response))
#2 {main}


2017-08-02 05:46:56 Error: Workorders/add/
2017-08-02 06:46:28 Error: Workorders/add/
2017-08-02 06:46:54 Error: Workorders/add/
2017-08-02 06:47:38 Error: Workorders/add/
2017-08-02 06:47:53 Error: Workorders/add/
2017-08-02 06:48:44 Error: Workorders/add/
2017-08-02 07:06:53 Error: Workorders/add/
2017-08-02 07:11:12 Error: Workorders/add/
2017-08-02 07:16:57 Error: Workorders/add/
2017-08-02 07:25:40 Error: Workorders/add/
2017-08-02 07:27:36 Error: Workorders/add/
2017-08-02 07:27:47 Error: Workorders/add/
2017-08-02 07:28:45 Error: Workorders/add/
2017-08-02 07:30:51 Error: Workorders/add/
2017-08-02 07:32:52 Error: Workorders/add/
2017-08-02 07:35:24 Error: Workorders/add/
2017-08-02 09:18:49 Error: Workorders/add/
2017-08-02 09:21:13 Error: Workorders/add/
2017-08-02 10:36:12 Error: Workorders/add/
2017-08-02 10:36:59 Error: Workorders/add/
2017-08-03 03:14:23 Error: Servicesentries/add/13
2017-08-03 03:14:36 Error: Workorders/add/
2017-08-03 03:25:58 Error: Workorders/add/
2017-08-03 03:26:46 Error: Workorders/add/
2017-08-03 03:44:20 Error: Workorders/add/
2017-08-03 03:46:03 Error: Workorders/add/
2017-08-03 03:51:21 Error: Workorders/add/
2017-08-03 03:51:41 Error: Workorders/add/
2017-08-03 03:53:49 Error: Workorders/add/
2017-08-03 03:55:07 Error: Workorders/add/
2017-08-03 03:55:58 Error: Workorders/add/
2017-08-03 04:14:08 Error: Workorders/add/
2017-08-03 04:51:21 Error: Workorders/add/
2017-08-03 05:02:55 Error: Workorders/add/
2017-08-03 05:04:07 Error: Workorders/add/
2017-08-03 05:12:24 Error: Workorders/add/
2017-08-03 05:15:47 Error: Workorders/add/
2017-08-03 05:19:49 Error: Workorders/add/
2017-08-03 05:26:06 Error: Workorders/add/
2017-08-03 05:28:51 Error: Workorders/add/
2017-08-03 05:33:00 Error: Workorders/add/
2017-08-03 06:33:54 Error: Workorders/add/
2017-08-03 06:44:49 Error: Workorders/add/
2017-08-03 06:49:41 Error: Workorders/add/
2017-08-03 06:58:10 Error: Workorders/add/
2017-08-03 06:59:19 Error: Workorders/add/
2017-08-03 07:18:50 Error: Workorders/add/
2017-08-03 07:23:45 Error: Workorders/add/
2017-08-03 07:25:24 Error: Workorders/add/
2017-08-03 07:28:12 Error: Workorders/add/
2017-08-03 07:29:47 Error: Workorders/add/
2017-08-03 07:32:06 Error: Workorders/add/
2017-08-03 07:33:37 Error: Workorders/add/
2017-08-03 07:34:01 Error: Workorders/add/
2017-08-03 07:34:50 Error: Workorders/add/
2017-08-03 07:35:29 Error: Workorders/add/
2017-08-03 07:35:51 Error: Workorders/add/
2017-08-03 07:37:00 Error: Workorders/add/
2017-08-03 07:37:44 Error: Workorders/add/
2017-08-03 07:38:49 Error: Workorders/add/
2017-08-03 07:39:09 Error: Workorders/add/
2017-08-03 07:40:16 Error: Workorders/add/
2017-08-03 07:41:41 Error: Workorders/add/
2017-08-03 07:42:01 Error: Workorders/add/
2017-08-03 08:44:20 Error: Workorders/add/
2017-08-03 08:47:23 Error: Workorders/add/
2017-08-03 09:19:30 Error: Workorders/add/
2017-08-03 09:22:42 Error: Workorders/add/
2017-08-03 09:24:36 Error: Workorders/add/
2017-08-03 09:30:51 Error: Workorders/add/
2017-08-03 09:32:11 Error: Workorders/add/
2017-08-03 09:32:41 Error: Workorders/add/
2017-08-03 09:35:04 Error: Workorders/add/
2017-08-03 09:35:55 Error: Workorders/add/
2017-08-03 09:36:21 Error: Workorders/add/
2017-08-03 09:37:54 Error: Workorders/add/
2017-08-03 09:38:48 Error: Workorders/add/
2017-08-03 09:41:05 Error: Workorders/add/
2017-08-03 09:41:42 Error: Workorders/add/
2017-08-03 09:43:45 Error: Workorders/add/
2017-08-03 09:44:46 Error: Workorders/add/
2017-08-03 09:46:28 Error: Workorders/add/
2017-08-03 09:47:03 Error: Workorders/add/
2017-08-03 09:48:44 Error: Workorders/add/
2017-08-03 09:49:20 Error: Workorders/add/
2017-08-03 09:52:24 Error: Workorders/add/
2017-08-03 09:59:44 Error: Workorders/add/
2017-08-03 10:09:54 Error: Workorders/add/
2017-08-03 10:17:59 Error: Workorders/add/
2017-08-03 11:31:24 Error: Workorders/add/
2017-08-03 11:51:34 Error: Workorders/add/
2017-08-03 11:53:53 Error: Workorders/add/
2017-08-03 11:54:59 Error: Workorders/add/
2017-08-03 11:57:54 Error: Workorders/add/
2017-08-03 12:00:07 Error: Workorders/add/
2017-08-03 12:02:48 Error: Workorders/add/
2017-08-04 03:13:09 Error: Servicesentries/add/13
2017-08-04 03:17:04 Error: Workorders/add/
2017-08-04 03:18:42 Error: Workorders/add/
2017-08-04 03:19:15 Error: Workorders/add/
2017-08-04 03:22:16 Error: Workorders/add/
2017-08-04 03:25:53 Error: Workorders/add/
2017-08-04 03:27:37 Error: Workorders/add/
2017-08-04 03:28:59 Error: Workorders/add/
2017-08-04 03:29:30 Error: Workorders/add/
2017-08-04 03:30:05 Error: Workorders/add/
2017-08-04 03:34:43 Error: Workorders/add/
2017-08-04 03:36:40 Error: Workorders/add/
2017-08-04 03:36:49 Error: Workorders/add/
2017-08-04 03:42:07 Error: Workorders/add/
2017-08-04 03:43:13 Error: Workorders/add/
2017-08-04 03:44:14 Error: Workorders/add/
2017-08-04 03:45:39 Error: Workorders/add/
2017-08-04 03:46:24 Error: Workorders/add/
2017-08-04 03:48:12 Error: Workorders/add/
2017-08-04 03:48:17 Error: Workorders/add/
2017-08-04 03:49:25 Error: Workorders/add/
2017-08-04 03:50:50 Error: Workorders/add/
2017-08-04 03:52:10 Error: Workorders/add/
2017-08-04 03:53:35 Error: Workorders/add/
2017-08-04 03:54:44 Error: Workorders/add/
2017-08-04 03:59:43 Error: Workorders/add/
2017-08-04 05:21:26 Error: Workorders/add/
2017-08-04 05:25:48 Error: Workorders/add/
2017-08-04 05:29:43 Error: Workorders/add/
2017-08-04 05:31:57 Error: Workorders/add/
2017-08-04 05:32:52 Error: Workorders/add/
2017-08-04 05:34:26 Error: Workorders/add/
2017-08-04 07:34:43 Error: Workorders/add/
2017-08-04 07:36:14 Error: Workorders/add/
2017-08-04 08:11:23 Error: Workorders/add/
2017-08-04 08:12:08 Error: Workorders/add/
2017-08-04 08:14:21 Error: Workorders/add/
2017-08-04 08:14:53 Error: Workorders/add/
2017-08-04 08:15:26 Error: Workorders/add/
2017-08-04 08:16:12 Error: Workorders/add/
2017-08-04 08:17:06 Error: Workorders/add/
2017-08-04 08:18:12 Error: Workorders/add/
2017-08-04 09:09:34 Error: Workorders/add/
2017-08-04 09:15:27 Error: Workorders/add/
2017-08-04 09:26:22 Error: Workorders/add/
2017-08-04 09:26:52 Error: Workorders/add/
2017-08-04 09:27:39 Error: Workorders/add/
2017-08-04 09:28:42 Error: Workorders/add/
2017-08-04 09:29:01 Error: Workorders/add/
2017-08-04 09:29:52 Error: Workorders/add/
2017-08-04 09:33:11 Error: Workorders/add/
2017-08-04 10:18:43 Error: Workorders/add/
2017-08-04 10:20:45 Error: Workorders/add/
